<?xml version="1.0" encoding="UTF-8"?>
<!-- Generated by org.testng.reporters.JUnitReportReporter -->
<testsuite hostname="DESKTOP-JF7R1C2" failures="0" tests="5" name="thinkingTesterApis.ThinkTesterApiTestingUsingPojo" time="18.137" errors="0" timestamp="2025-10-11T11:00:34 IST" skipped="0">
  <testcase classname="thinkingTesterApis.ThinkTesterApiTestingUsingPojo" name="deleteUser" time="5.232"/>
  <system-out/>
  <testcase classname="thinkingTesterApis.ThinkTesterApiTestingUsingPojo" name="createUserUsingLombokBuider" time="1.224"/>
  <system-out/>
  <testcase classname="thinkingTesterApis.ThinkTesterApiTestingUsingPojo" name="createUser" time="5.478"/>
  <system-out/>
  <testcase classname="thinkingTesterApis.ThinkTesterApiTestingUsingPojo" name="createUserUsingLombok" time="1.304"/>
  <system-out/>
  <testcase classname="thinkingTesterApis.ThinkTesterApiTestingUsingPojo" name="updateUser" time="4.899"/>
  <system-out/>
</testsuite> <!-- thinkingTesterApis.ThinkTesterApiTestingUsingPojo -->
