<?xml version="1.0" encoding="UTF-8"?>
<!-- Generated by org.testng.reporters.JUnitReportReporter -->
<testsuite hostname="DESKTOP-JF7R1C2" failures="0" tests="4" name="thinkingTesterApis.ThinkTesterApiTestingUsingPojo" time="18.359" errors="0" timestamp="2025-10-07T21:19:13 IST" skipped="0">
  <testcase classname="thinkingTesterApis.ThinkTesterApiTestingUsingPojo" name="createUserUsingLombokBuider" time="1.350"/>
  <system-out/>
  <testcase classname="thinkingTesterApis.ThinkTesterApiTestingUsingPojo" name="createUser" time="6.638"/>
  <system-out/>
  <testcase classname="thinkingTesterApis.ThinkTesterApiTestingUsingPojo" name="updateUser" time="5.130"/>
  <system-out/>
  <testcase classname="thinkingTesterApis.ThinkTesterApiTestingUsingPojo" name="deleteUser" time="5.241"/>
  <system-out/>
</testsuite> <!-- thinkingTesterApis.ThinkTesterApiTestingUsingPojo -->
