<?xml version="1.0" encoding="UTF-8"?>
<!-- Generated by org.testng.reporters.JUnitXMLReporter -->
<testsuite ignored="2" hostname="DESKTOP-JF7R1C2" failures="0" tests="1" name="Default test" time="17.36" errors="0" timestamp="2025-10-05T21:40:38 IST">
  <testcase classname="thinkingTesterApis.ThinkTesterApiTestingUsingPojo" name="deleteUser" time="17.29"/>
  <testcase classname="thinkingTesterApis.ThinkTesterApiTestingUsingPojo" name="createUser" time="0.0">
    <ignored/>
  </testcase> <!-- createUser -->
  <testcase classname="thinkingTesterApis.ThinkTesterApiTestingUsingPojo" name="updateUser" time="0.0">
    <ignored/>
  </testcase> <!-- updateUser -->
</testsuite> <!-- Default test -->
