<?xml version="1.0" encoding="UTF-8"?>
<!-- Generated by org.testng.reporters.JUnitXMLReporter -->
<testsuite ignored="1" hostname="DESKTOP-JF7R1C2" failures="0" tests="1" name="Default test" time="4.25" errors="0" timestamp="2025-10-25T12:49:43 IST">
  <testcase classname="jwayJsonPathPractice.fakeStoreApiTest" name="getUsers_withComplexJsonPathQueries" time="4.208"/>
  <testcase classname="jwayJsonPathPractice.fakeStoreApiTest" name="getAllUsers_withJsonPathQuery" time="0.0">
    <ignored/>
  </testcase> <!-- getAllUsers_withJsonPathQuery -->
</testsuite> <!-- Default test -->
