<?xml version="1.0" encoding="UTF-8"?>
<testng-results ignored="2" total="3" passed="1" failed="0" skipped="0">
  <reporter-output>
  </reporter-output>
  <suite started-at="2025-09-28T13:35:37 IST" name="Default suite" finished-at="2025-09-28T13:35:41 IST" duration-ms="3438">
    <groups>
    </groups>
    <test started-at="2025-09-28T13:35:37 IST" name="Default test" finished-at="2025-09-28T13:35:41 IST" duration-ms="3438">
      <class name="thinkingTesterApis.ThinkingTetserApisTest">
        <test-method signature="createUserWithRandomEmailFromFile()[pri:0, instance:thinkingTesterApis.ThinkingTetserApisTest@8dbdac1]" started-at="2025-09-28T13:35:37 IST" name="createUserWithRandomEmailFromFile" finished-at="2025-09-28T13:35:41 IST" duration-ms="3392" status="PASS">
          <reporter-output>
          </reporter-output>
        </test-method> <!-- createUserWithRandomEmailFromFile -->
      </class> <!-- thinkingTesterApis.ThinkingTetserApisTest -->
    </test> <!-- Default test -->
  </suite> <!-- Default suite -->
</testng-results>
