<?xml version="1.0" encoding="UTF-8"?>
<testng-results ignored="0" total="1" passed="1" failed="0" skipped="0">
  <reporter-output>
  </reporter-output>
  <suite started-at="2025-10-19T21:57:52 IST" name="Default suite" finished-at="2025-10-19T21:57:58 IST" duration-ms="5220">
    <groups>
    </groups>
    <test started-at="2025-10-19T21:57:52 IST" name="Default test" finished-at="2025-10-19T21:57:58 IST" duration-ms="5220">
      <class name="deserializationWithGetCall.ThinkTesterApiTesting">
        <test-method signature="createUser()[pri:0, instance:deserializationWithGetCall.ThinkTesterApiTesting@6356695f]" started-at="2025-10-19T21:57:52 IST" name="createUser" finished-at="2025-10-19T21:57:58 IST" duration-ms="5170" status="PASS">
          <reporter-output>
          </reporter-output>
        </test-method> <!-- createUser -->
      </class> <!-- deserializationWithGetCall.ThinkTesterApiTesting -->
    </test> <!-- Default test -->
  </suite> <!-- Default suite -->
</testng-results>
